
*********************************************
wat_sum.out:
summary of the main state variables for water
*********************************************



************************************************************************
date (y/m/d): 1990  1  1
-------------
time step and iterations
------------------------

 time step                                 :  0.400E-02 day
 number of time step                       :         25
 total number of newton-raphson iterations :         25
 average number of iterations per time step:      1.000
 number of times the time step was halved  :          0
 number of times there was no convergence  :          0

terms of the upper boundary condition (mm)
------------------------------------------

 precipitation                    :   10.00
 runoff                           :    0.00
 applied irrigation water         :    0.00
 potential infiltration           :   10.00
 actual infiltration              :   10.00
 interception                     :    0.00

 potential transpiration          :    0.00
 actual transpiration             :    0.00
 evaporation of intercepted water :    0.00
 potential evaporation            :    0.00
 actual evaporation               :    0.00
 potential evapotranspiration     :    0.00
 actual evapotranspiration        :    0.00


terms of the bottom boundary condition
--------------------------------------

                                   whole profile    isd
                                   -------------  -------
 integrated flux at the bottom    
 - positive (= upward) flux       :        0.0        0.0
 - negative (= downward) flux     :        0.0        0.0
                                   -------------  -------
                                           0.0        0.0

 actual rooting depth             :        0.0 (mm)

 actual groundwater level         :    -2000.0 (mm)
 number of the first unsaturated node above 
   the groundwater table          :          20

water balance 
--------------

                                   whole profile    isd
                                   -------------  -------
 water storage at the initial time:      768.4      322.3
 actual water storage             :      778.6      332.5
 change in water storage          :       10.2       10.2
 integrated flux at the top       :       10.0       10.0
 integrated plant water uptake    :        0.0        0.0
 integrated flux at the bottom    :        0.0        0.0
 integrated error                 :        0.2        0.2

profile
-------

comp.  depth    theta      pr.head      conduc   
       (mm)   (m**3/m**3)    (cm)      (mm/day)  

    1    -50.0  0.335    -0.586E+02     0.297E+01
    2   -150.0  0.321    -0.861E+02     0.168E+01
    3   -250.0  0.310    -0.117E+03     0.105E+01
    4   -350.0  0.334    -0.139E+03     0.861E+00
    5   -450.0  0.332    -0.145E+03     0.813E+00
    6   -550.0  0.332    -0.141E+03     0.613E+00
    7   -650.0  0.334    -0.134E+03     0.664E+00
    8   -750.0  0.336    -0.125E+03     0.739E+00
    9   -850.0  0.339    -0.115E+03     0.706E+00
   10   -950.0  0.350    -0.105E+03     0.549E+00
   11  -1050.0  0.352    -0.950E+02     0.638E+00
   12  -1150.0  0.355    -0.850E+02     0.754E+00
   13  -1250.0  0.357    -0.750E+02     0.911E+00
   14  -1350.0  0.360    -0.650E+02     0.113E+01
   15  -1450.0  0.363    -0.550E+02     0.145E+01
   16  -1550.0  0.366    -0.450E+02     0.197E+01
   17  -1650.0  0.370    -0.350E+02     0.287E+01
   18  -1750.0  0.375    -0.250E+02     0.477E+01
   19  -1850.0  0.380    -0.150E+02     0.103E+02
   20  -1950.0  0.388    -0.500E+01     0.515E+02
   21  -2050.0  0.397     0.500E+01     0.956E+03
   22  -2150.0  0.397     0.150E+02     0.956E+03


************************************************************************
date (y/m/d): 1990  1  2
-------------

time step and iterations
------------------------

 time step                                 :  0.889E-01 day
 number of time step                       :         37
 total number of newton-raphson iterations :         37
 average number of iterations per time step:      1.000
 number of times the time step was halved  :          0
 number of times there was no convergence  :          0

terms of the upper boundary condition (mm)
------------------------------------------

 precipitation                    :   20.00
 runoff                           :    0.00
 applied irrigation water         :    0.00
 potential infiltration           :   20.00
 actual infiltration              :   20.00
 interception                     :    0.00

 potential transpiration          :    0.00
 actual transpiration             :    0.00
 evaporation of intercepted water :    0.00
 potential evaporation            :    0.00
 actual evaporation               :    0.00
 potential evapotranspiration     :    0.00
 actual evapotranspiration        :    0.00


terms of the bottom boundary condition
--------------------------------------

                                   whole profile    isd
                                   -------------  -------
 integrated flux at the bottom    
 - positive (= upward) flux       :        0.0        0.0
 - negative (= downward) flux     :        0.0        0.0
                                   -------------  -------
                                           0.0        0.0

 actual rooting depth             :        0.0 (mm)

 actual groundwater level         :    -2000.0 (mm)
 number of the first unsaturated node above 
   the groundwater table          :          20

water balance 
--------------

                                   whole profile    isd
                                   -------------  -------
 water storage at the initial time:      768.4      322.3
 actual water storage             :      788.7      342.6
 change in water storage          :       20.3       20.3
 integrated flux at the top       :       20.0       20.0
 integrated plant water uptake    :        0.0        0.0
 integrated flux at the bottom    :        0.0        0.0
 integrated error                 :        0.3        0.3

profile
-------

comp.  depth    theta      pr.head      conduc   
       (mm)   (m**3/m**3)    (cm)      (mm/day)  

    1    -50.0  0.349    -0.389E+02     0.548E+01
    2   -150.0  0.341    -0.497E+02     0.380E+01
    3   -250.0  0.331    -0.663E+02     0.248E+01
    4   -350.0  0.354    -0.868E+02     0.170E+01
    5   -450.0  0.346    -0.104E+03     0.131E+01
    6   -550.0  0.339    -0.115E+03     0.831E+00
    7   -650.0  0.338    -0.120E+03     0.779E+00
    8   -750.0  0.338    -0.118E+03     0.802E+00
    9   -850.0  0.340    -0.112E+03     0.736E+00
   10   -950.0  0.350    -0.104E+03     0.559E+00
   11  -1050.0  0.353    -0.945E+02     0.643E+00
   12  -1150.0  0.355    -0.848E+02     0.757E+00
   13  -1250.0  0.357    -0.749E+02     0.912E+00
   14  -1350.0  0.360    -0.650E+02     0.113E+01
   15  -1450.0  0.363    -0.550E+02     0.145E+01
   16  -1550.0  0.366    -0.450E+02     0.197E+01
   17  -1650.0  0.370    -0.350E+02     0.287E+01
   18  -1750.0  0.375    -0.250E+02     0.477E+01
   19  -1850.0  0.380    -0.150E+02     0.103E+02
   20  -1950.0  0.388    -0.500E+01     0.515E+02
   21  -2050.0  0.397     0.500E+01     0.956E+03
   22  -2150.0  0.397     0.150E+02     0.956E+03


************************************************************************
date (y/m/d): 1990  1  3
-------------

time step and iterations
------------------------

 time step                                 :  0.291E-01 day
 number of time step                       :         48
 total number of newton-raphson iterations :         48
 average number of iterations per time step:      1.000
 number of times the time step was halved  :          0
 number of times there was no convergence  :          0

terms of the upper boundary condition (mm)
------------------------------------------

 precipitation                    :   30.00
 runoff                           :    0.00
 applied irrigation water         :    0.00
 potential infiltration           :   30.00
 actual infiltration              :   30.00
 interception                     :    0.00

 potential transpiration          :    0.00
 actual transpiration             :    0.00
 evaporation of intercepted water :    0.00
 potential evaporation            :    0.00
 actual evaporation               :    0.00
 potential evapotranspiration     :    0.00
 actual evapotranspiration        :    0.00


terms of the bottom boundary condition
--------------------------------------

                                   whole profile    isd
                                   -------------  -------
 integrated flux at the bottom    
 - positive (= upward) flux       :        0.0        0.0
 - negative (= downward) flux     :        0.0       -0.2
                                   -------------  -------
                                           0.0       -0.2

 actual rooting depth             :        0.0 (mm)

 actual groundwater level         :    -2000.0 (mm)
 number of the first unsaturated node above 
   the groundwater table          :          20

water balance 
--------------

                                   whole profile    isd
                                   -------------  -------
 water storage at the initial time:      768.4      322.3
 actual water storage             :      798.8      352.6
 change in water storage          :       30.5       30.3
 integrated flux at the top       :       30.0       30.0
 integrated plant water uptake    :        0.0        0.0
 integrated flux at the bottom    :        0.0       -0.2
 integrated error                 :        0.5        0.5

profile
-------

comp.  depth    theta      pr.head      conduc   
       (mm)   (m**3/m**3)    (cm)      (mm/day)  

    1    -50.0  0.356    -0.318E+02     0.739E+01
    2   -150.0  0.352    -0.364E+02     0.605E+01
    3   -250.0  0.346    -0.435E+02     0.463E+01
    4   -350.0  0.372    -0.535E+02     0.342E+01
    5   -450.0  0.365    -0.646E+02     0.261E+01
    6   -550.0  0.350    -0.762E+02     0.155E+01
    7   -650.0  0.346    -0.891E+02     0.123E+01
    8   -750.0  0.344    -0.966E+02     0.108E+01
    9   -850.0  0.343    -0.985E+02     0.895E+00
   10   -950.0  0.352    -0.964E+02     0.624E+00
   11  -1050.0  0.353    -0.910E+02     0.680E+00
   12  -1150.0  0.355    -0.832E+02     0.779E+00
   13  -1250.0  0.358    -0.742E+02     0.926E+00
   14  -1350.0  0.360    -0.646E+02     0.114E+01
   15  -1450.0  0.363    -0.548E+02     0.146E+01
   16  -1550.0  0.366    -0.449E+02     0.197E+01
   17  -1650.0  0.370    -0.350E+02     0.288E+01
   18  -1750.0  0.375    -0.250E+02     0.477E+01
   19  -1850.0  0.380    -0.150E+02     0.103E+02
   20  -1950.0  0.388    -0.500E+01     0.515E+02
   21  -2050.0  0.397     0.500E+01     0.956E+03
   22  -2150.0  0.397     0.150E+02     0.956E+03


************************************************************************
date (y/m/d): 1990  1  4
-------------

time step and iterations
------------------------

 time step                                 :  0.111E+00 day
 number of time step                       :         57
 total number of newton-raphson iterations :         57
 average number of iterations per time step:      1.000
 number of times the time step was halved  :          0
 number of times there was no convergence  :          0

terms of the upper boundary condition (mm)
------------------------------------------

 precipitation                    :   40.00
 runoff                           :    0.00
 applied irrigation water         :    0.00
 potential infiltration           :   40.00
 actual infiltration              :   40.00
 interception                     :    0.00

 potential transpiration          :    0.00
 actual transpiration             :    0.00
 evaporation of intercepted water :    0.00
 potential evaporation            :    0.00
 actual evaporation               :    0.00
 potential evapotranspiration     :    0.00
 actual evapotranspiration        :    0.00


terms of the bottom boundary condition
--------------------------------------

                                   whole profile    isd
                                   -------------  -------
 integrated flux at the bottom    
 - positive (= upward) flux       :        0.0        0.0
 - negative (= downward) flux     :        0.0       -0.9
                                   -------------  -------
                                           0.0       -0.9

 actual rooting depth             :        0.0 (mm)

 actual groundwater level         :    -2000.0 (mm)
 number of the first unsaturated node above 
   the groundwater table          :          20

water balance 
--------------

                                   whole profile    isd
                                   -------------  -------
 water storage at the initial time:      768.4      322.3
 actual water storage             :      808.9      362.0
 change in water storage          :       40.5       39.7
 integrated flux at the top       :       40.0       40.0
 integrated plant water uptake    :        0.0        0.0
 integrated flux at the bottom    :        0.0       -0.9
 integrated error                 :        0.6        0.6

profile
-------

comp.  depth    theta      pr.head      conduc   
       (mm)   (m**3/m**3)    (cm)      (mm/day)  

    1    -50.0  0.360    -0.282E+02     0.882E+01
    2   -150.0  0.358    -0.300E+02     0.806E+01
    3   -250.0  0.355    -0.325E+02     0.714E+01
    4   -350.0  0.386    -0.360E+02     0.605E+01
    5   -450.0  0.382    -0.400E+02     0.520E+01
    6   -550.0  0.359    -0.450E+02     0.341E+01
    7   -650.0  0.357    -0.534E+02     0.264E+01
    8   -750.0  0.354    -0.620E+02     0.211E+01
    9   -850.0  0.352    -0.694E+02     0.153E+01
   10   -950.0  0.357    -0.760E+02     0.893E+00
   11  -1050.0  0.356    -0.792E+02     0.840E+00
   12  -1150.0  0.357    -0.768E+02     0.879E+00
   13  -1250.0  0.358    -0.709E+02     0.992E+00
   14  -1350.0  0.361    -0.629E+02     0.119E+01
   15  -1450.0  0.363    -0.540E+02     0.150E+01
   16  -1550.0  0.367    -0.445E+02     0.200E+01
   17  -1650.0  0.370    -0.348E+02     0.290E+01
   18  -1750.0  0.375    -0.249E+02     0.479E+01
   19  -1850.0  0.380    -0.150E+02     0.103E+02
   20  -1950.0  0.388    -0.500E+01     0.515E+02
   21  -2050.0  0.397     0.500E+01     0.956E+03
   22  -2150.0  0.397     0.150E+02     0.956E+03


************************************************************************
date (y/m/d): 1990  1  5
-------------

time step and iterations
------------------------

 time step                                 :  0.188E-01 day
 number of time step                       :         65
 total number of newton-raphson iterations :         65
 average number of iterations per time step:      1.000
 number of times the time step was halved  :          0
 number of times there was no convergence  :          0

terms of the upper boundary condition (mm)
------------------------------------------

 precipitation                    :   50.00
 runoff                           :    0.00
 applied irrigation water         :    0.00
 potential infiltration           :   50.00
 actual infiltration              :   50.00
 interception                     :    0.00

 potential transpiration          :    0.00
 actual transpiration             :    0.00
 evaporation of intercepted water :    0.00
 potential evaporation            :    0.00
 actual evaporation               :    0.00
 potential evapotranspiration     :    0.00
 actual evapotranspiration        :    0.00


terms of the bottom boundary condition
--------------------------------------

                                   whole profile    isd
                                   -------------  -------
 integrated flux at the bottom    
 - positive (= upward) flux       :        0.0        0.0
 - negative (= downward) flux     :       -0.1       -3.3
                                   -------------  -------
                                          -0.1       -3.3

 actual rooting depth             :        0.0 (mm)

 actual groundwater level         :    -2000.0 (mm)
 number of the first unsaturated node above 
   the groundwater table          :          20

water balance 
--------------

                                   whole profile    isd
                                   -------------  -------
 water storage at the initial time:      768.4      322.3
 actual water storage             :      818.9      370.0
 change in water storage          :       50.6       47.7
 integrated flux at the top       :       50.0       50.0
 integrated plant water uptake    :        0.0        0.0
 integrated flux at the bottom    :       -0.1       -3.3
 integrated error                 :        0.7        1.0

profile
-------

comp.  depth    theta      pr.head      conduc   
       (mm)   (m**3/m**3)    (cm)      (mm/day)  

    1    -50.0  0.362    -0.264E+02     0.975E+01
    2   -150.0  0.362    -0.267E+02     0.958E+01
    3   -250.0  0.361    -0.270E+02     0.940E+01
    4   -350.0  0.394    -0.273E+02     0.901E+01
    5   -450.0  0.394    -0.273E+02     0.903E+01
    6   -550.0  0.366    -0.275E+02     0.714E+01
    7   -650.0  0.365    -0.291E+02     0.657E+01
    8   -750.0  0.364    -0.310E+02     0.596E+01
    9   -850.0  0.363    -0.339E+02     0.461E+01
   10   -950.0  0.368    -0.410E+02     0.226E+01
   11  -1050.0  0.364    -0.514E+02     0.161E+01
   12  -1150.0  0.362    -0.582E+02     0.134E+01
   13  -1250.0  0.362    -0.597E+02     0.128E+01
   14  -1350.0  0.363    -0.567E+02     0.139E+01
   15  -1450.0  0.365    -0.506E+02     0.165E+01
   16  -1550.0  0.367    -0.428E+02     0.212E+01
   17  -1650.0  0.371    -0.340E+02     0.301E+01
   18  -1750.0  0.375    -0.246E+02     0.488E+01
   19  -1850.0  0.380    -0.149E+02     0.104E+02
   20  -1950.0  0.388    -0.499E+01     0.516E+02
   21  -2050.0  0.397     0.500E+01     0.956E+03
   22  -2150.0  0.397     0.150E+02     0.956E+03


************************************************************************
date (y/m/d): 1990  1  6
-------------

time step and iterations
------------------------

 time step                                 :  0.181E-01 day
 number of time step                       :         75
 total number of newton-raphson iterations :         75
 average number of iterations per time step:      1.000
 number of times the time step was halved  :          0
 number of times there was no convergence  :          0

terms of the upper boundary condition (mm)
------------------------------------------

 precipitation                    :   60.00
 runoff                           :    0.00
 applied irrigation water         :    0.00
 potential infiltration           :   60.00
 actual infiltration              :   60.00
 interception                     :    0.00

 potential transpiration          :    0.00
 actual transpiration             :    0.00
 evaporation of intercepted water :    0.00
 potential evaporation            :    0.00
 actual evaporation               :    0.00
 potential evapotranspiration     :    0.00
 actual evapotranspiration        :    0.00


terms of the bottom boundary condition
--------------------------------------

                                   whole profile    isd
                                   -------------  -------
 integrated flux at the bottom    
 - positive (= upward) flux       :        0.0        0.0
 - negative (= downward) flux     :       -0.7      -10.5
                                   -------------  -------
                                          -0.7      -10.5

 actual rooting depth             :        0.0 (mm)

 actual groundwater level         :    -2000.0 (mm)
 number of the first unsaturated node above 
   the groundwater table          :          20

water balance 
--------------

                                   whole profile    isd
                                   -------------  -------
 water storage at the initial time:      768.4      322.3
 actual water storage             :      828.6      373.8
 change in water storage          :       60.2       51.5
 integrated flux at the top       :       60.0       60.0
 integrated plant water uptake    :        0.0        0.0
 integrated flux at the bottom    :       -0.7      -10.5
 integrated error                 :        0.9        2.0

profile
-------

comp.  depth    theta      pr.head      conduc   
       (mm)   (m**3/m**3)    (cm)      (mm/day)  

    1    -50.0  0.363    -0.257E+02     0.101E+02
    2   -150.0  0.363    -0.255E+02     0.102E+02
    3   -250.0  0.364    -0.251E+02     0.105E+02
    4   -350.0  0.398    -0.244E+02     0.106E+02
    5   -450.0  0.399    -0.231E+02     0.115E+02
    6   -550.0  0.368    -0.221E+02     0.995E+01
    7   -650.0  0.368    -0.213E+02     0.104E+02
    8   -750.0  0.368    -0.199E+02     0.116E+02
    9   -850.0  0.369    -0.177E+02     0.124E+02
   10   -950.0  0.379    -0.169E+02     0.858E+01
   11  -1050.0  0.378    -0.186E+02     0.740E+01
   12  -1150.0  0.376    -0.224E+02     0.564E+01
   13  -1250.0  0.373    -0.281E+02     0.400E+01
   14  -1350.0  0.371    -0.337E+02     0.304E+01
   15  -1450.0  0.370    -0.364E+02     0.271E+01
   16  -1550.0  0.370    -0.349E+02     0.288E+01
   17  -1650.0  0.372    -0.301E+02     0.360E+01
   18  -1750.0  0.376    -0.231E+02     0.538E+01
   19  -1850.0  0.380    -0.145E+02     0.108E+02
   20  -1950.0  0.388    -0.495E+01     0.522E+02
   21  -2050.0  0.397     0.500E+01     0.956E+03
   22  -2150.0  0.397     0.150E+02     0.956E+03


************************************************************************
date (y/m/d): 1990  1  7
-------------

time step and iterations
------------------------

 time step                                 :  0.143E+00 day
 number of time step                       :         84
 total number of newton-raphson iterations :         84
 average number of iterations per time step:      1.000
 number of times the time step was halved  :          0
 number of times there was no convergence  :          0

terms of the upper boundary condition (mm)
------------------------------------------

 precipitation                    :   70.00
 runoff                           :    0.00
 applied irrigation water         :    0.00
 potential infiltration           :   70.00
 actual infiltration              :   70.00
 interception                     :    0.00

 potential transpiration          :    0.00
 actual transpiration             :    0.00
 evaporation of intercepted water :    0.00
 potential evaporation            :    0.00
 actual evaporation               :    0.00
 potential evapotranspiration     :    0.00
 actual evapotranspiration        :    0.00


terms of the bottom boundary condition
--------------------------------------

                                   whole profile    isd
                                   -------------  -------
 integrated flux at the bottom    
 - positive (= upward) flux       :        0.0        0.0
 - negative (= downward) flux     :       -4.7      -20.2
                                   -------------  -------
                                          -4.7      -20.2

 actual rooting depth             :        0.0 (mm)

 actual groundwater level         :    -2000.0 (mm)
 number of the first unsaturated node above 
   the groundwater table          :          20

water balance 
--------------

                                   whole profile    isd
                                   -------------  -------
 water storage at the initial time:      768.4      322.3
 actual water storage             :      834.7      374.3
 change in water storage          :       66.3       52.0
 integrated flux at the top       :       70.0       70.0
 integrated plant water uptake    :        0.0        0.0
 integrated flux at the bottom    :       -4.7      -20.2
 integrated error                 :        1.0        2.2

profile
-------

comp.  depth    theta      pr.head      conduc   
       (mm)   (m**3/m**3)    (cm)      (mm/day)  

    1    -50.0  0.363    -0.255E+02     0.102E+02
    2   -150.0  0.364    -0.252E+02     0.104E+02
    3   -250.0  0.364    -0.246E+02     0.108E+02
    4   -350.0  0.398    -0.238E+02     0.110E+02
    5   -450.0  0.400    -0.225E+02     0.119E+02
    6   -550.0  0.368    -0.214E+02     0.104E+02
    7   -650.0  0.368    -0.206E+02     0.110E+02
    8   -750.0  0.369    -0.191E+02     0.123E+02
    9   -850.0  0.369    -0.168E+02     0.134E+02
   10   -950.0  0.380    -0.154E+02     0.984E+01
   11  -1050.0  0.380    -0.154E+02     0.982E+01
   12  -1150.0  0.380    -0.154E+02     0.985E+01
   13  -1250.0  0.380    -0.153E+02     0.998E+01
   14  -1350.0  0.380    -0.150E+02     0.102E+02
   15  -1450.0  0.380    -0.148E+02     0.105E+02
   16  -1550.0  0.380    -0.148E+02     0.105E+02
   17  -1650.0  0.380    -0.149E+02     0.103E+02
   18  -1750.0  0.380    -0.145E+02     0.108E+02
   19  -1850.0  0.382    -0.118E+02     0.147E+02
   20  -1950.0  0.388    -0.465E+01     0.571E+02
   21  -2050.0  0.397     0.500E+01     0.956E+03
   22  -2150.0  0.397     0.149E+02     0.956E+03


************************************************************************
date (y/m/d): 1990  1  8
-------------

time step and iterations
------------------------

 time step                                 :  0.387E+00 day
 number of time step                       :         87
 total number of newton-raphson iterations :         87
 average number of iterations per time step:      1.000
 number of times the time step was halved  :          0
 number of times there was no convergence  :          0

terms of the upper boundary condition (mm)
------------------------------------------

 precipitation                    :   80.00
 runoff                           :    0.00
 applied irrigation water         :    0.00
 potential infiltration           :   80.00
 actual infiltration              :   80.00
 interception                     :    0.00

 potential transpiration          :    0.00
 actual transpiration             :    0.00
 evaporation of intercepted water :    0.00
 potential evaporation            :    0.00
 actual evaporation               :    0.00
 potential evapotranspiration     :    0.00
 actual evapotranspiration        :    0.00


terms of the bottom boundary condition
--------------------------------------

                                   whole profile    isd
                                   -------------  -------
 integrated flux at the bottom    
 - positive (= upward) flux       :        0.0        0.0
 - negative (= downward) flux     :      -14.7      -30.2
                                   -------------  -------
                                         -14.7      -30.2

 actual rooting depth             :        0.0 (mm)

 actual groundwater level         :    -2000.0 (mm)
 number of the first unsaturated node above 
   the groundwater table          :          20

water balance 
--------------

                                   whole profile    isd
                                   -------------  -------
 water storage at the initial time:      768.4      322.3
 actual water storage             :      834.7      374.4
 change in water storage          :       66.3       52.1
 integrated flux at the top       :       80.0       80.0
 integrated plant water uptake    :        0.0        0.0
 integrated flux at the bottom    :      -14.7      -30.2
 integrated error                 :        1.1        2.3

profile
-------

comp.  depth    theta      pr.head      conduc   
       (mm)   (m**3/m**3)    (cm)      (mm/day)  

    1    -50.0  0.363    -0.255E+02     0.103E+02
    2   -150.0  0.364    -0.252E+02     0.105E+02
    3   -250.0  0.364    -0.246E+02     0.108E+02
    4   -350.0  0.399    -0.237E+02     0.111E+02
    5   -450.0  0.400    -0.223E+02     0.120E+02
    6   -550.0  0.368    -0.212E+02     0.105E+02
    7   -650.0  0.368    -0.204E+02     0.111E+02
    8   -750.0  0.369    -0.189E+02     0.125E+02
    9   -850.0  0.370    -0.166E+02     0.137E+02
   10   -950.0  0.380    -0.152E+02     0.101E+02
   11  -1050.0  0.380    -0.152E+02     0.101E+02
   12  -1150.0  0.380    -0.152E+02     0.100E+02
   13  -1250.0  0.380    -0.154E+02     0.989E+01
   14  -1350.0  0.380    -0.155E+02     0.972E+01
   15  -1450.0  0.380    -0.157E+02     0.959E+01
   16  -1550.0  0.380    -0.156E+02     0.965E+01
   17  -1650.0  0.380    -0.152E+02     0.101E+02
   18  -1750.0  0.381    -0.140E+02     0.114E+02
   19  -1850.0  0.382    -0.113E+02     0.156E+02
   20  -1950.0  0.388    -0.458E+01     0.584E+02
   21  -2050.0  0.397     0.500E+01     0.956E+03
   22  -2150.0  0.397     0.149E+02     0.956E+03


************************************************************************
date (y/m/d): 1990  1  9
-------------

time step and iterations
------------------------

 time step                                 :  0.138E+00 day
 number of time step                       :         89
 total number of newton-raphson iterations :         89
 average number of iterations per time step:      1.000
 number of times the time step was halved  :          0
 number of times there was no convergence  :          0

terms of the upper boundary condition (mm)
------------------------------------------

 precipitation                    :   90.00
 runoff                           :    0.00
 applied irrigation water         :    0.00
 potential infiltration           :   90.00
 actual infiltration              :   90.00
 interception                     :    0.00

 potential transpiration          :    0.00
 actual transpiration             :    0.00
 evaporation of intercepted water :    0.00
 potential evaporation            :    0.00
 actual evaporation               :    0.00
 potential evapotranspiration     :    0.00
 actual evapotranspiration        :    0.00


terms of the bottom boundary condition
--------------------------------------

                                   whole profile    isd
                                   -------------  -------
 integrated flux at the bottom    
 - positive (= upward) flux       :        0.0        0.0
 - negative (= downward) flux     :      -24.5      -40.4
                                   -------------  -------
                                         -24.5      -40.4

 actual rooting depth             :        0.0 (mm)

 actual groundwater level         :    -2000.0 (mm)
 number of the first unsaturated node above 
   the groundwater table          :          20

water balance 
--------------

                                   whole profile    isd
                                   -------------  -------
 water storage at the initial time:      768.4      322.3
 actual water storage             :      835.0      374.4
 change in water storage          :       66.6       52.1
 integrated flux at the top       :       90.0       90.0
 integrated plant water uptake    :        0.0        0.0
 integrated flux at the bottom    :      -24.5      -40.4
 integrated error                 :        1.0        2.5

profile
-------

comp.  depth    theta      pr.head      conduc   
       (mm)   (m**3/m**3)    (cm)      (mm/day)  

    1    -50.0  0.363    -0.255E+02     0.103E+02
    2   -150.0  0.364    -0.252E+02     0.105E+02
    3   -250.0  0.364    -0.245E+02     0.109E+02
    4   -350.0  0.399    -0.237E+02     0.111E+02
    5   -450.0  0.400    -0.223E+02     0.120E+02
    6   -550.0  0.368    -0.212E+02     0.105E+02
    7   -650.0  0.368    -0.205E+02     0.111E+02
    8   -750.0  0.369    -0.190E+02     0.124E+02
    9   -850.0  0.370    -0.166E+02     0.137E+02
   10   -950.0  0.380    -0.152E+02     0.101E+02
   11  -1050.0  0.380    -0.151E+02     0.102E+02
   12  -1150.0  0.380    -0.149E+02     0.103E+02
   13  -1250.0  0.380    -0.148E+02     0.105E+02
   14  -1350.0  0.380    -0.147E+02     0.105E+02
   15  -1450.0  0.380    -0.147E+02     0.105E+02
   16  -1550.0  0.380    -0.148E+02     0.105E+02
   17  -1650.0  0.380    -0.146E+02     0.106E+02
   18  -1750.0  0.381    -0.139E+02     0.115E+02
   19  -1850.0  0.382    -0.113E+02     0.156E+02
   20  -1950.0  0.388    -0.458E+01     0.583E+02
   21  -2050.0  0.397     0.500E+01     0.956E+03
   22  -2150.0  0.397     0.149E+02     0.956E+03


************************************************************************
date (y/m/d): 1990  1 10
-------------

time step and iterations
------------------------

 time step                                 :  0.157E+00 day
 number of time step                       :         91
 total number of newton-raphson iterations :         91
 average number of iterations per time step:      1.000
 number of times the time step was halved  :          0
 number of times there was no convergence  :          0

terms of the upper boundary condition (mm)
------------------------------------------

 precipitation                    :  100.00
 runoff                           :    0.00
 applied irrigation water         :    0.00
 potential infiltration           :  100.00
 actual infiltration              :  100.00
 interception                     :    0.00

 potential transpiration          :    0.00
 actual transpiration             :    0.00
 evaporation of intercepted water :    0.00
 potential evaporation            :    0.00
 actual evaporation               :    0.00
 potential evapotranspiration     :    0.00
 actual evapotranspiration        :    0.00


terms of the bottom boundary condition
--------------------------------------

                                   whole profile    isd
                                   -------------  -------
 integrated flux at the bottom    
 - positive (= upward) flux       :        0.0        0.0
 - negative (= downward) flux     :      -34.7      -50.1
                                   -------------  -------
                                         -34.7      -50.1

 actual rooting depth             :        0.0 (mm)

 actual groundwater level         :    -2000.0 (mm)
 number of the first unsaturated node above 
   the groundwater table          :          20

water balance 
--------------

                                   whole profile    isd
                                   -------------  -------
 water storage at the initial time:      768.4      322.3
 actual water storage             :      834.7      374.3
 change in water storage          :       66.4       52.0
 integrated flux at the top       :      100.0      100.0
 integrated plant water uptake    :        0.0        0.0
 integrated flux at the bottom    :      -34.7      -50.1
 integrated error                 :        1.1        2.1

profile
-------

comp.  depth    theta      pr.head      conduc   
       (mm)   (m**3/m**3)    (cm)      (mm/day)  

    1    -50.0  0.363    -0.255E+02     0.102E+02
    2   -150.0  0.364    -0.252E+02     0.104E+02
    3   -250.0  0.364    -0.246E+02     0.108E+02
    4   -350.0  0.399    -0.237E+02     0.110E+02
    5   -450.0  0.400    -0.224E+02     0.120E+02
    6   -550.0  0.368    -0.213E+02     0.105E+02
    7   -650.0  0.368    -0.206E+02     0.110E+02
    8   -750.0  0.369    -0.191E+02     0.123E+02
    9   -850.0  0.369    -0.168E+02     0.134E+02
   10   -950.0  0.380    -0.155E+02     0.976E+01
   11  -1050.0  0.380    -0.156E+02     0.969E+01
   12  -1150.0  0.380    -0.156E+02     0.965E+01
   13  -1250.0  0.380    -0.156E+02     0.969E+01
   14  -1350.0  0.380    -0.154E+02     0.981E+01
   15  -1450.0  0.380    -0.152E+02     0.100E+02
   16  -1550.0  0.380    -0.149E+02     0.103E+02
   17  -1650.0  0.380    -0.145E+02     0.108E+02
   18  -1750.0  0.381    -0.136E+02     0.119E+02
   19  -1850.0  0.382    -0.111E+02     0.160E+02
   20  -1950.0  0.388    -0.456E+01     0.587E+02
   21  -2050.0  0.397     0.500E+01     0.956E+03
   22  -2150.0  0.397     0.149E+02     0.956E+03
