
******************************************************
wat_et.out:
evapotransp. rates and depth of the ground water table
******************************************************


ptra  : potential transpiration rate         (mm/day)
tra   : actual transpiration rate            (mm/day)
psev  : potential evaporation rate           (mm/day)
sev   : actual evaporation rate              (mm/day)
cptra : cumulative potential transpiration   (mm)
ctra  : cumulative actual transpiration      (mm)
cpsev : cumulative potential evaporation     (mm)
csev  : cumulative actual evaporation        (mm)
lai   : leaf area index                      (m**2/m**2)
kc    : kc factor
gwla  : groundwater level                    (mm)

year month day      ptra       tra       psev      sev      cptra      ctra    cpsev      csev       lai       kc     gwla
                     (mm)      (mm)      (mm)      (mm)      (mm)      (mm)      (mm)      (mm)     (m2/m2)     (-)    (mm)  
1990   1    1    0.00000   0.00000   0.00000   0.00000   0.00000   0.00000   0.00000   0.00000   0.00000   1.00000**********
1990   1    2    0.00000   0.00000   0.00000   0.00000   0.00000   0.00000   0.00000   0.00000   0.00000   1.00000**********
1990   1    3    0.00000   0.00000   0.00000   0.00000   0.00000   0.00000   0.00000   0.00000   0.00000   1.00000**********
1990   1    4    0.00000   0.00000   0.00000   0.00000   0.00000   0.00000   0.00000   0.00000   0.00000   1.00000**********
1990   1    5    0.00000   0.00000   0.00000   0.00000   0.00000   0.00000   0.00000   0.00000   0.00000   1.00000**********
1990   1    6    0.00000   0.00000   0.00000   0.00000   0.00000   0.00000   0.00000   0.00000   0.00000   1.00000**********
1990   1    7    0.00000   0.00000   0.00000   0.00000   0.00000   0.00000   0.00000   0.00000   0.00000   1.00000**********
1990   1    8    0.00000   0.00000   0.00000   0.00000   0.00000   0.00000   0.00000   0.00000   0.00000   1.00000**********
1990   1    9    0.00000   0.00000   0.00000   0.00000   0.00000   0.00000   0.00000   0.00000   0.00000   1.00000**********
1990   1   10    0.00000   0.00000   0.00000   0.00000   0.00000   0.00000   0.00000   0.00000   0.00000   1.00000**********
